{"contracts\\contract_starter.sol":{"l":{"94":16,"96":12,"97":0,"100":12,"104":4,"105":4,"106":4,"109":8,"110":6,"114":4,"117":2,"119":4,"121":4,"125":4,"133":3,"135":3,"137":3,"138":3,"140":3,"141":3,"143":3,"144":3,"146":3,"147":3,"149":3,"150":3,"152":3,"153":3,"154":3,"155":3,"157":3,"158":3,"160":3,"167":12,"168":10,"170":8,"171":4,"172":4,"175":4,"176":4,"179":8,"180":4,"192":6,"193":2,"194":2,"196":2,"197":2,"199":2,"200":0,"202":0,"203":0,"204":0,"205":0,"209":0,"210":0,"211":0,"212":0,"213":0,"217":0,"218":0,"221":0,"224":0,"225":0,"226":0,"227":0,"230":0,"232":0,"233":0,"236":2,"238":2,"239":8,"240":0,"241":0,"245":2,"246":0,"247":0,"248":0,"249":0,"253":0,"254":0,"257":0,"261":2,"262":1,"263":1,"264":1,"267":1,"269":1,"270":1,"281":6,"287":0,"289":0,"291":0,"292":0,"294":0,"296":0,"304":6,"305":4,"308":2,"310":2,"312":2,"313":2,"315":2,"317":2,"328":7,"329":5,"331":1,"332":1,"333":0,"334":0,"336":0,"338":0,"340":0,"341":0,"344":0,"346":0,"349":0,"352":1,"353":1,"355":1,"357":1,"359":1,"360":1,"362":1,"364":1,"368":1,"377":6,"379":2,"380":1,"381":1,"382":1,"385":1,"386":1,"387":1,"396":4,"398":2,"399":1,"400":1,"405":1,"406":1,"417":2,"419":2,"420":1,"423":0,"425":0,"427":0,"428":0,"430":0,"432":0,"438":1,"441":0,"443":0,"445":0,"446":0,"448":0,"450":0,"462":6,"464":3,"468":3,"476":1,"477":1,"481":1,"491":3,"492":3,"494":3,"495":3,"497":3,"500":0,"502":0,"504":0,"506":0,"507":0,"508":0,"509":0,"510":0,"511":0,"513":0,"514":0,"517":3},"path":"C:\\Users\\vanco\\OneDrive\\Počítač\\6 semester\\DMBLOCK\\Zadanie_2\\Zadanie 2\\kody\\contracts\\contract_starter.sol","s":{"1":16,"2":12,"3":0,"4":12,"5":4,"6":4,"7":4,"8":8,"9":6,"10":4,"11":2,"12":4,"13":4,"14":4,"15":3,"16":3,"17":3,"18":3,"19":3,"20":3,"21":3,"22":3,"23":3,"24":3,"25":3,"26":3,"27":3,"28":3,"29":3,"30":12,"31":10,"32":8,"33":4,"34":4,"35":4,"36":4,"37":8,"38":4,"39":6,"40":2,"41":2,"42":2,"43":2,"44":2,"45":0,"46":0,"47":0,"48":0,"49":0,"50":0,"51":0,"52":0,"53":0,"54":0,"55":0,"56":0,"57":0,"58":0,"59":0,"60":0,"61":0,"62":0,"63":2,"64":2,"65":8,"66":0,"67":2,"68":0,"69":0,"70":0,"71":0,"72":0,"73":0,"74":2,"75":1,"76":1,"77":1,"78":1,"79":1,"80":1,"81":6,"82":0,"83":0,"84":0,"85":0,"86":0,"87":0,"88":6,"89":4,"90":2,"91":2,"92":2,"93":2,"94":2,"95":2,"96":7,"97":5,"98":1,"99":1,"100":0,"101":0,"102":0,"103":0,"104":0,"105":0,"106":0,"107":0,"108":0,"109":1,"110":1,"111":1,"112":1,"113":1,"114":1,"115":1,"116":1,"117":1,"118":6,"119":2,"120":1,"121":1,"122":1,"123":1,"124":1,"125":1,"126":4,"127":2,"128":1,"129":1,"130":1,"131":1,"132":2,"133":2,"134":1,"135":0,"136":0,"137":0,"138":0,"139":0,"140":0,"141":1,"142":0,"143":0,"144":0,"145":0,"146":0,"147":0,"148":6,"149":3,"150":3,"151":1,"152":1,"153":3,"154":3,"155":3,"156":3,"157":3,"158":0,"159":0,"160":0,"161":0,"162":0,"163":0,"164":0,"165":0,"166":3},"b":{"1":[12,4],"2":[0,12],"3":[4,8],"4":[6,2],"5":[4,2],"6":[2,2],"7":[3,0],"8":[10,2],"9":[8,2],"10":[4,4],"11":[4,4],"12":[2,4],"13":[2,0],"14":[2,0],"15":[0,2],"16":[0,0],"17":[0,0],"18":[0,0],"19":[0,0],"20":[0,0],"21":[0,8],"22":[0,2],"23":[0,0],"24":[0,0],"25":[1,0],"26":[0,6],"27":[4,2],"28":[2,2],"29":[5,2],"30":[1,4],"31":[0,1],"32":[0,0],"33":[1,0],"34":[2,4],"35":[1,1],"36":[2,2],"37":[1,1],"38":[1,0],"39":[1,0],"40":[2,0],"41":[1,1],"42":[0,1],"43":[0,1],"44":[3,3],"45":[0,0],"46":[0,0]},"f":{"1":16,"2":3,"3":12,"4":6,"5":6,"6":6,"7":7,"8":6,"9":4,"10":2,"11":6,"12":1,"13":3},"fnMap":{"1":{"name":"store_bid","line":92,"loc":{"start":{"line":92,"column":4},"end":{"line":128,"column":4}}},"2":{"name":"clear_state","line":131,"loc":{"start":{"line":131,"column":4},"end":{"line":161,"column":4}}},"3":{"name":"store_board_commitment","line":165,"loc":{"start":{"line":165,"column":4},"end":{"line":182,"column":4}}},"4":{"name":"check_one_ship","line":189,"loc":{"start":{"line":189,"column":4},"end":{"line":273,"column":4}}},"5":{"name":"claim_win","line":279,"loc":{"start":{"line":279,"column":4},"end":{"line":297,"column":4}}},"6":{"name":"forfeit","line":302,"loc":{"start":{"line":302,"column":4},"end":{"line":318,"column":4}}},"7":{"name":"accuse_cheating","line":325,"loc":{"start":{"line":325,"column":4},"end":{"line":371,"column":4}}},"8":{"name":"claim_opponent_left","line":375,"loc":{"start":{"line":375,"column":4},"end":{"line":389,"column":4}}},"9":{"name":"handle_timeout","line":394,"loc":{"start":{"line":394,"column":4},"end":{"line":410,"column":4}}},"10":{"name":"claim_timeout_winnings","line":415,"loc":{"start":{"line":415,"column":4},"end":{"line":455,"column":4}}},"11":{"name":"is_game_over","line":460,"loc":{"start":{"line":460,"column":4},"end":{"line":470,"column":4}}},"12":{"name":"merge_bytes32","line":475,"loc":{"start":{"line":475,"column":4},"end":{"line":482,"column":4}}},"13":{"name":"verify_opening","line":490,"loc":{"start":{"line":490,"column":4},"end":{"line":519,"column":4}}}},"statementMap":{"1":{"start":{"line":94,"column":8},"end":{"line":94,"column":78}},"2":{"start":{"line":96,"column":8},"end":{"line":96,"column":2945}},"3":{"start":{"line":97,"column":12},"end":{"line":97,"column":39}},"4":{"start":{"line":100,"column":8},"end":{"line":100,"column":3041}},"5":{"start":{"line":104,"column":12},"end":{"line":104,"column":31}},"6":{"start":{"line":105,"column":12},"end":{"line":105,"column":32}},"7":{"start":{"line":106,"column":12},"end":{"line":106,"column":35}},"8":{"start":{"line":109,"column":12},"end":{"line":109,"column":42}},"9":{"start":{"line":110,"column":12},"end":{"line":110,"column":45}},"10":{"start":{"line":114,"column":12},"end":{"line":114,"column":3468}},"11":{"start":{"line":117,"column":16},"end":{"line":117,"column":69}},"12":{"start":{"line":119,"column":12},"end":{"line":119,"column":32}},"13":{"start":{"line":121,"column":12},"end":{"line":121,"column":38}},"14":{"start":{"line":125,"column":12},"end":{"line":125,"column":42}},"15":{"start":{"line":133,"column":8},"end":{"line":133,"column":49}},"16":{"start":{"line":135,"column":8},"end":{"line":135,"column":26}},"17":{"start":{"line":137,"column":8},"end":{"line":137,"column":28}},"18":{"start":{"line":138,"column":8},"end":{"line":138,"column":28}},"19":{"start":{"line":140,"column":8},"end":{"line":140,"column":23}},"20":{"start":{"line":141,"column":8},"end":{"line":141,"column":23}},"21":{"start":{"line":143,"column":8},"end":{"line":143,"column":40}},"22":{"start":{"line":144,"column":8},"end":{"line":144,"column":40}},"23":{"start":{"line":146,"column":8},"end":{"line":146,"column":31}},"24":{"start":{"line":147,"column":8},"end":{"line":147,"column":31}},"25":{"start":{"line":149,"column":8},"end":{"line":149,"column":20}},"26":{"start":{"line":150,"column":8},"end":{"line":150,"column":20}},"27":{"start":{"line":157,"column":8},"end":{"line":157,"column":24}},"28":{"start":{"line":158,"column":8},"end":{"line":158,"column":24}},"29":{"start":{"line":160,"column":8},"end":{"line":160,"column":35}},"30":{"start":{"line":167,"column":8},"end":{"line":167,"column":48}},"31":{"start":{"line":168,"column":8},"end":{"line":168,"column":64}},"32":{"start":{"line":170,"column":8},"end":{"line":170,"column":5103}},"33":{"start":{"line":171,"column":12},"end":{"line":171,"column":33}},"34":{"start":{"line":172,"column":12},"end":{"line":172,"column":34}},"35":{"start":{"line":175,"column":12},"end":{"line":175,"column":33}},"36":{"start":{"line":176,"column":12},"end":{"line":176,"column":34}},"37":{"start":{"line":179,"column":8},"end":{"line":179,"column":5321}},"38":{"start":{"line":180,"column":12},"end":{"line":180,"column":42}},"39":{"start":{"line":192,"column":8},"end":{"line":192,"column":48}},"40":{"start":{"line":193,"column":8},"end":{"line":193,"column":64}},"41":{"start":{"line":194,"column":8},"end":{"line":194,"column":54}},"42":{"start":{"line":196,"column":8},"end":{"line":196,"column":26}},"43":{"start":{"line":197,"column":8},"end":{"line":197,"column":24}},"44":{"start":{"line":199,"column":8},"end":{"line":199,"column":6236}},"45":{"start":{"line":200,"column":12},"end":{"line":200,"column":89}},"46":{"start":{"line":202,"column":12},"end":{"line":202,"column":6368}},"47":{"start":{"line":203,"column":16},"end":{"line":203,"column":6417}},"48":{"start":{"line":204,"column":20},"end":{"line":204,"column":31}},"49":{"start":{"line":209,"column":12},"end":{"line":209,"column":6561}},"50":{"start":{"line":210,"column":16},"end":{"line":210,"column":6635}},"51":{"start":{"line":211,"column":20},"end":{"line":211,"column":6707}},"52":{"start":{"line":212,"column":24},"end":{"line":212,"column":75}},"53":{"start":{"line":213,"column":24},"end":{"line":213,"column":44}},"54":{"start":{"line":217,"column":16},"end":{"line":217,"column":6926}},"55":{"start":{"line":221,"column":16},"end":{"line":221,"column":59}},"56":{"start":{"line":224,"column":16},"end":{"line":224,"column":7118}},"57":{"start":{"line":225,"column":20},"end":{"line":225,"column":7191}},"58":{"start":{"line":226,"column":24},"end":{"line":226,"column":75}},"59":{"start":{"line":227,"column":24},"end":{"line":227,"column":44}},"60":{"start":{"line":230,"column":16},"end":{"line":230,"column":60}},"61":{"start":{"line":232,"column":12},"end":{"line":232,"column":63}},"62":{"start":{"line":233,"column":12},"end":{"line":233,"column":32}},"63":{"start":{"line":236,"column":12},"end":{"line":236,"column":89}},"64":{"start":{"line":238,"column":12},"end":{"line":238,"column":7695}},"65":{"start":{"line":239,"column":16},"end":{"line":239,"column":7744}},"66":{"start":{"line":240,"column":20},"end":{"line":240,"column":31}},"67":{"start":{"line":245,"column":12},"end":{"line":245,"column":7888}},"68":{"start":{"line":246,"column":16},"end":{"line":246,"column":7962}},"69":{"start":{"line":247,"column":20},"end":{"line":247,"column":8034}},"70":{"start":{"line":248,"column":24},"end":{"line":248,"column":75}},"71":{"start":{"line":249,"column":24},"end":{"line":249,"column":44}},"72":{"start":{"line":253,"column":16},"end":{"line":253,"column":8253}},"73":{"start":{"line":257,"column":16},"end":{"line":257,"column":59}},"74":{"start":{"line":261,"column":16},"end":{"line":261,"column":8441}},"75":{"start":{"line":262,"column":20},"end":{"line":262,"column":8514}},"76":{"start":{"line":263,"column":24},"end":{"line":263,"column":75}},"77":{"start":{"line":264,"column":24},"end":{"line":264,"column":44}},"78":{"start":{"line":267,"column":16},"end":{"line":267,"column":60}},"79":{"start":{"line":269,"column":12},"end":{"line":269,"column":63}},"80":{"start":{"line":270,"column":12},"end":{"line":270,"column":32}},"81":{"start":{"line":281,"column":8},"end":{"line":281,"column":9320}},"82":{"start":{"line":287,"column":8},"end":{"line":287,"column":39}},"83":{"start":{"line":289,"column":8},"end":{"line":289,"column":49}},"84":{"start":{"line":291,"column":8},"end":{"line":291,"column":23}},"85":{"start":{"line":292,"column":8},"end":{"line":292,"column":23}},"86":{"start":{"line":294,"column":8},"end":{"line":294,"column":34}},"87":{"start":{"line":296,"column":8},"end":{"line":296,"column":20}},"88":{"start":{"line":304,"column":8},"end":{"line":304,"column":48}},"89":{"start":{"line":305,"column":8},"end":{"line":305,"column":112}},"90":{"start":{"line":308,"column":8},"end":{"line":308,"column":39}},"91":{"start":{"line":310,"column":8},"end":{"line":310,"column":49}},"92":{"start":{"line":312,"column":8},"end":{"line":312,"column":23}},"93":{"start":{"line":313,"column":8},"end":{"line":313,"column":23}},"94":{"start":{"line":315,"column":8},"end":{"line":315,"column":32}},"95":{"start":{"line":317,"column":8},"end":{"line":317,"column":20}},"96":{"start":{"line":328,"column":8},"end":{"line":328,"column":48}},"97":{"start":{"line":329,"column":8},"end":{"line":329,"column":106}},"98":{"start":{"line":331,"column":8},"end":{"line":331,"column":26}},"99":{"start":{"line":332,"column":8},"end":{"line":332,"column":11373}},"100":{"start":{"line":333,"column":12},"end":{"line":333,"column":89}},"101":{"start":{"line":334,"column":12},"end":{"line":334,"column":11504}},"102":{"start":{"line":336,"column":16},"end":{"line":336,"column":47}},"103":{"start":{"line":338,"column":16},"end":{"line":338,"column":57}},"104":{"start":{"line":340,"column":16},"end":{"line":340,"column":31}},"105":{"start":{"line":341,"column":16},"end":{"line":341,"column":31}},"106":{"start":{"line":344,"column":16},"end":{"line":344,"column":42}},"107":{"start":{"line":346,"column":16},"end":{"line":346,"column":28}},"108":{"start":{"line":349,"column":12},"end":{"line":349,"column":32}},"109":{"start":{"line":352,"column":12},"end":{"line":352,"column":89}},"110":{"start":{"line":353,"column":12},"end":{"line":353,"column":12011}},"111":{"start":{"line":355,"column":16},"end":{"line":355,"column":47}},"112":{"start":{"line":357,"column":16},"end":{"line":357,"column":57}},"113":{"start":{"line":359,"column":16},"end":{"line":359,"column":31}},"114":{"start":{"line":360,"column":16},"end":{"line":360,"column":31}},"115":{"start":{"line":362,"column":16},"end":{"line":362,"column":42}},"116":{"start":{"line":364,"column":16},"end":{"line":364,"column":28}},"117":{"start":{"line":368,"column":12},"end":{"line":368,"column":32}},"118":{"start":{"line":377,"column":8},"end":{"line":377,"column":112}},"119":{"start":{"line":379,"column":8},"end":{"line":379,"column":12711}},"120":{"start":{"line":380,"column":12},"end":{"line":380,"column":41}},"121":{"start":{"line":381,"column":12},"end":{"line":381,"column":45}},"122":{"start":{"line":382,"column":12},"end":{"line":382,"column":56}},"123":{"start":{"line":385,"column":12},"end":{"line":385,"column":41}},"124":{"start":{"line":386,"column":12},"end":{"line":386,"column":45}},"125":{"start":{"line":387,"column":12},"end":{"line":387,"column":56}},"126":{"start":{"line":396,"column":8},"end":{"line":396,"column":112}},"127":{"start":{"line":398,"column":8},"end":{"line":398,"column":13484}},"128":{"start":{"line":399,"column":12},"end":{"line":399,"column":13528}},"129":{"start":{"line":400,"column":16},"end":{"line":400,"column":48}},"130":{"start":{"line":405,"column":12},"end":{"line":405,"column":13738}},"131":{"start":{"line":406,"column":16},"end":{"line":406,"column":48}},"132":{"start":{"line":417,"column":8},"end":{"line":417,"column":112}},"133":{"start":{"line":419,"column":8},"end":{"line":419,"column":14399}},"134":{"start":{"line":420,"column":12},"end":{"line":420,"column":14443}},"135":{"start":{"line":423,"column":16},"end":{"line":423,"column":47}},"136":{"start":{"line":425,"column":16},"end":{"line":425,"column":57}},"137":{"start":{"line":427,"column":16},"end":{"line":427,"column":31}},"138":{"start":{"line":428,"column":16},"end":{"line":428,"column":31}},"139":{"start":{"line":430,"column":16},"end":{"line":430,"column":42}},"140":{"start":{"line":432,"column":16},"end":{"line":432,"column":28}},"141":{"start":{"line":438,"column":12},"end":{"line":438,"column":14948}},"142":{"start":{"line":441,"column":16},"end":{"line":441,"column":47}},"143":{"start":{"line":443,"column":16},"end":{"line":443,"column":57}},"144":{"start":{"line":445,"column":16},"end":{"line":445,"column":31}},"145":{"start":{"line":446,"column":16},"end":{"line":446,"column":31}},"146":{"start":{"line":448,"column":16},"end":{"line":448,"column":42}},"147":{"start":{"line":450,"column":16},"end":{"line":450,"column":28}},"148":{"start":{"line":462,"column":8},"end":{"line":462,"column":15685}},"149":{"start":{"line":464,"column":12},"end":{"line":464,"column":23}},"150":{"start":{"line":468,"column":12},"end":{"line":468,"column":24}},"151":{"start":{"line":476,"column":8},"end":{"line":476,"column":43}},"152":{"start":{"line":481,"column":8},"end":{"line":481,"column":21}},"153":{"start":{"line":491,"column":8},"end":{"line":491,"column":54}},"154":{"start":{"line":492,"column":8},"end":{"line":492,"column":47}},"155":{"start":{"line":494,"column":8},"end":{"line":494,"column":33}},"156":{"start":{"line":495,"column":8},"end":{"line":495,"column":18}},"157":{"start":{"line":497,"column":8},"end":{"line":497,"column":17039}},"158":{"start":{"line":500,"column":12},"end":{"line":500,"column":68}},"159":{"start":{"line":502,"column":12},"end":{"line":502,"column":62}},"160":{"start":{"line":504,"column":12},"end":{"line":504,"column":85}},"161":{"start":{"line":506,"column":12},"end":{"line":506,"column":95}},"162":{"start":{"line":508,"column":12},"end":{"line":508,"column":50}},"163":{"start":{"line":509,"column":12},"end":{"line":509,"column":17799}},"164":{"start":{"line":510,"column":16},"end":{"line":510,"column":91}},"165":{"start":{"line":513,"column":16},"end":{"line":513,"column":91}},"166":{"start":{"line":517,"column":8},"end":{"line":517,"column":38}}},"branchMap":{"1":{"line":94,"type":"if","locations":[{"start":{"line":94,"column":8},"end":{"line":94,"column":8}},{"start":{"line":94,"column":8},"end":{"line":94,"column":8}}]},"2":{"line":96,"type":"if","locations":[{"start":{"line":96,"column":8},"end":{"line":96,"column":8}},{"start":{"line":96,"column":8},"end":{"line":96,"column":8}}]},"3":{"line":100,"type":"if","locations":[{"start":{"line":100,"column":8},"end":{"line":100,"column":8}},{"start":{"line":100,"column":8},"end":{"line":100,"column":8}}]},"4":{"line":109,"type":"if","locations":[{"start":{"line":109,"column":12},"end":{"line":109,"column":12}},{"start":{"line":109,"column":12},"end":{"line":109,"column":12}}]},"5":{"line":110,"type":"if","locations":[{"start":{"line":110,"column":12},"end":{"line":110,"column":12}},{"start":{"line":110,"column":12},"end":{"line":110,"column":12}}]},"6":{"line":114,"type":"if","locations":[{"start":{"line":114,"column":12},"end":{"line":114,"column":12}},{"start":{"line":114,"column":12},"end":{"line":114,"column":12}}]},"7":{"line":133,"type":"if","locations":[{"start":{"line":133,"column":8},"end":{"line":133,"column":8}},{"start":{"line":133,"column":8},"end":{"line":133,"column":8}}]},"8":{"line":167,"type":"if","locations":[{"start":{"line":167,"column":8},"end":{"line":167,"column":8}},{"start":{"line":167,"column":8},"end":{"line":167,"column":8}}]},"9":{"line":168,"type":"if","locations":[{"start":{"line":168,"column":8},"end":{"line":168,"column":8}},{"start":{"line":168,"column":8},"end":{"line":168,"column":8}}]},"10":{"line":170,"type":"if","locations":[{"start":{"line":170,"column":8},"end":{"line":170,"column":8}},{"start":{"line":170,"column":8},"end":{"line":170,"column":8}}]},"11":{"line":179,"type":"if","locations":[{"start":{"line":179,"column":8},"end":{"line":179,"column":8}},{"start":{"line":179,"column":8},"end":{"line":179,"column":8}}]},"12":{"line":192,"type":"if","locations":[{"start":{"line":192,"column":8},"end":{"line":192,"column":8}},{"start":{"line":192,"column":8},"end":{"line":192,"column":8}}]},"13":{"line":193,"type":"if","locations":[{"start":{"line":193,"column":8},"end":{"line":193,"column":8}},{"start":{"line":193,"column":8},"end":{"line":193,"column":8}}]},"14":{"line":194,"type":"if","locations":[{"start":{"line":194,"column":8},"end":{"line":194,"column":8}},{"start":{"line":194,"column":8},"end":{"line":194,"column":8}}]},"15":{"line":199,"type":"if","locations":[{"start":{"line":199,"column":8},"end":{"line":199,"column":8}},{"start":{"line":199,"column":8},"end":{"line":199,"column":8}}]},"16":{"line":203,"type":"if","locations":[{"start":{"line":203,"column":16},"end":{"line":203,"column":16}},{"start":{"line":203,"column":16},"end":{"line":203,"column":16}}]},"17":{"line":209,"type":"if","locations":[{"start":{"line":209,"column":12},"end":{"line":209,"column":12}},{"start":{"line":209,"column":12},"end":{"line":209,"column":12}}]},"18":{"line":211,"type":"if","locations":[{"start":{"line":211,"column":20},"end":{"line":211,"column":20}},{"start":{"line":211,"column":20},"end":{"line":211,"column":20}}]},"19":{"line":217,"type":"if","locations":[{"start":{"line":217,"column":16},"end":{"line":217,"column":16}},{"start":{"line":217,"column":16},"end":{"line":217,"column":16}}]},"20":{"line":225,"type":"if","locations":[{"start":{"line":225,"column":20},"end":{"line":225,"column":20}},{"start":{"line":225,"column":20},"end":{"line":225,"column":20}}]},"21":{"line":239,"type":"if","locations":[{"start":{"line":239,"column":16},"end":{"line":239,"column":16}},{"start":{"line":239,"column":16},"end":{"line":239,"column":16}}]},"22":{"line":245,"type":"if","locations":[{"start":{"line":245,"column":12},"end":{"line":245,"column":12}},{"start":{"line":245,"column":12},"end":{"line":245,"column":12}}]},"23":{"line":247,"type":"if","locations":[{"start":{"line":247,"column":20},"end":{"line":247,"column":20}},{"start":{"line":247,"column":20},"end":{"line":247,"column":20}}]},"24":{"line":253,"type":"if","locations":[{"start":{"line":253,"column":16},"end":{"line":253,"column":16}},{"start":{"line":253,"column":16},"end":{"line":253,"column":16}}]},"25":{"line":262,"type":"if","locations":[{"start":{"line":262,"column":20},"end":{"line":262,"column":20}},{"start":{"line":262,"column":20},"end":{"line":262,"column":20}}]},"26":{"line":281,"type":"if","locations":[{"start":{"line":281,"column":8},"end":{"line":281,"column":8}},{"start":{"line":281,"column":8},"end":{"line":281,"column":8}}]},"27":{"line":304,"type":"if","locations":[{"start":{"line":304,"column":8},"end":{"line":304,"column":8}},{"start":{"line":304,"column":8},"end":{"line":304,"column":8}}]},"28":{"line":305,"type":"if","locations":[{"start":{"line":305,"column":8},"end":{"line":305,"column":8}},{"start":{"line":305,"column":8},"end":{"line":305,"column":8}}]},"29":{"line":328,"type":"if","locations":[{"start":{"line":328,"column":8},"end":{"line":328,"column":8}},{"start":{"line":328,"column":8},"end":{"line":328,"column":8}}]},"30":{"line":329,"type":"if","locations":[{"start":{"line":329,"column":8},"end":{"line":329,"column":8}},{"start":{"line":329,"column":8},"end":{"line":329,"column":8}}]},"31":{"line":332,"type":"if","locations":[{"start":{"line":332,"column":8},"end":{"line":332,"column":8}},{"start":{"line":332,"column":8},"end":{"line":332,"column":8}}]},"32":{"line":334,"type":"if","locations":[{"start":{"line":334,"column":12},"end":{"line":334,"column":12}},{"start":{"line":334,"column":12},"end":{"line":334,"column":12}}]},"33":{"line":353,"type":"if","locations":[{"start":{"line":353,"column":12},"end":{"line":353,"column":12}},{"start":{"line":353,"column":12},"end":{"line":353,"column":12}}]},"34":{"line":377,"type":"if","locations":[{"start":{"line":377,"column":8},"end":{"line":377,"column":8}},{"start":{"line":377,"column":8},"end":{"line":377,"column":8}}]},"35":{"line":379,"type":"if","locations":[{"start":{"line":379,"column":8},"end":{"line":379,"column":8}},{"start":{"line":379,"column":8},"end":{"line":379,"column":8}}]},"36":{"line":396,"type":"if","locations":[{"start":{"line":396,"column":8},"end":{"line":396,"column":8}},{"start":{"line":396,"column":8},"end":{"line":396,"column":8}}]},"37":{"line":398,"type":"if","locations":[{"start":{"line":398,"column":8},"end":{"line":398,"column":8}},{"start":{"line":398,"column":8},"end":{"line":398,"column":8}}]},"38":{"line":399,"type":"if","locations":[{"start":{"line":399,"column":12},"end":{"line":399,"column":12}},{"start":{"line":399,"column":12},"end":{"line":399,"column":12}}]},"39":{"line":405,"type":"if","locations":[{"start":{"line":405,"column":12},"end":{"line":405,"column":12}},{"start":{"line":405,"column":12},"end":{"line":405,"column":12}}]},"40":{"line":417,"type":"if","locations":[{"start":{"line":417,"column":8},"end":{"line":417,"column":8}},{"start":{"line":417,"column":8},"end":{"line":417,"column":8}}]},"41":{"line":419,"type":"if","locations":[{"start":{"line":419,"column":8},"end":{"line":419,"column":8}},{"start":{"line":419,"column":8},"end":{"line":419,"column":8}}]},"42":{"line":420,"type":"if","locations":[{"start":{"line":420,"column":12},"end":{"line":420,"column":12}},{"start":{"line":420,"column":12},"end":{"line":420,"column":12}}]},"43":{"line":438,"type":"if","locations":[{"start":{"line":438,"column":12},"end":{"line":438,"column":12}},{"start":{"line":438,"column":12},"end":{"line":438,"column":12}}]},"44":{"line":462,"type":"if","locations":[{"start":{"line":462,"column":8},"end":{"line":462,"column":8}},{"start":{"line":462,"column":8},"end":{"line":462,"column":8}}]},"45":{"line":508,"type":"if","locations":[{"start":{"line":508,"column":12},"end":{"line":508,"column":12}},{"start":{"line":508,"column":12},"end":{"line":508,"column":12}}]},"46":{"line":509,"type":"if","locations":[{"start":{"line":509,"column":12},"end":{"line":509,"column":12}},{"start":{"line":509,"column":12},"end":{"line":509,"column":12}}]}}}}