TN:
SF:C:\Users\vanco\OneDrive\Počítač\6 semester\DMBLOCK\Zadanie_2\Zadanie 2\kody\contracts\contract_starter.sol
FN:92,store_bid
FN:131,clear_state
FN:165,store_board_commitment
FN:189,check_one_ship
FN:279,claim_win
FN:302,forfeit
FN:325,accuse_cheating
FN:375,claim_opponent_left
FN:394,handle_timeout
FN:415,claim_timeout_winnings
FN:460,is_game_over
FN:475,merge_bytes32
FN:490,verify_opening
FNF:13
FNH:13
FNDA:16,store_bid
FNDA:3,clear_state
FNDA:12,store_board_commitment
FNDA:6,check_one_ship
FNDA:6,claim_win
FNDA:6,forfeit
FNDA:7,accuse_cheating
FNDA:6,claim_opponent_left
FNDA:4,handle_timeout
FNDA:2,claim_timeout_winnings
FNDA:6,is_game_over
FNDA:1,merge_bytes32
FNDA:3,verify_opening
DA:94,16
DA:96,12
DA:97,0
DA:100,12
DA:104,4
DA:105,4
DA:106,4
DA:109,8
DA:110,6
DA:114,4
DA:117,2
DA:119,4
DA:121,4
DA:125,4
DA:133,3
DA:135,3
DA:137,3
DA:138,3
DA:140,3
DA:141,3
DA:143,3
DA:144,3
DA:146,3
DA:147,3
DA:149,3
DA:150,3
DA:152,3
DA:153,3
DA:154,3
DA:155,3
DA:157,3
DA:158,3
DA:160,3
DA:167,12
DA:168,10
DA:170,8
DA:171,4
DA:172,4
DA:175,4
DA:176,4
DA:179,8
DA:180,4
DA:192,6
DA:193,2
DA:194,2
DA:196,2
DA:197,2
DA:199,2
DA:200,0
DA:202,0
DA:203,0
DA:204,0
DA:205,0
DA:209,0
DA:210,0
DA:211,0
DA:212,0
DA:213,0
DA:217,0
DA:218,0
DA:221,0
DA:224,0
DA:225,0
DA:226,0
DA:227,0
DA:230,0
DA:232,0
DA:233,0
DA:236,2
DA:238,2
DA:239,8
DA:240,0
DA:241,0
DA:245,2
DA:246,0
DA:247,0
DA:248,0
DA:249,0
DA:253,0
DA:254,0
DA:257,0
DA:261,2
DA:262,1
DA:263,1
DA:264,1
DA:267,1
DA:269,1
DA:270,1
DA:281,6
DA:287,0
DA:289,0
DA:291,0
DA:292,0
DA:294,0
DA:296,0
DA:304,6
DA:305,4
DA:308,2
DA:310,2
DA:312,2
DA:313,2
DA:315,2
DA:317,2
DA:328,7
DA:329,5
DA:331,1
DA:332,1
DA:333,0
DA:334,0
DA:336,0
DA:338,0
DA:340,0
DA:341,0
DA:344,0
DA:346,0
DA:349,0
DA:352,1
DA:353,1
DA:355,1
DA:357,1
DA:359,1
DA:360,1
DA:362,1
DA:364,1
DA:368,1
DA:377,6
DA:379,2
DA:380,1
DA:381,1
DA:382,1
DA:385,1
DA:386,1
DA:387,1
DA:396,4
DA:398,2
DA:399,1
DA:400,1
DA:405,1
DA:406,1
DA:417,2
DA:419,2
DA:420,1
DA:423,0
DA:425,0
DA:427,0
DA:428,0
DA:430,0
DA:432,0
DA:438,1
DA:441,0
DA:443,0
DA:445,0
DA:446,0
DA:448,0
DA:450,0
DA:462,6
DA:464,3
DA:468,3
DA:476,1
DA:477,1
DA:481,1
DA:491,3
DA:492,3
DA:494,3
DA:495,3
DA:497,3
DA:500,0
DA:502,0
DA:504,0
DA:506,0
DA:507,0
DA:508,0
DA:509,0
DA:510,0
DA:511,0
DA:513,0
DA:514,0
DA:517,3
LF:178
LH:110
BRDA:94,1,0,12
BRDA:94,1,1,4
BRDA:96,2,0,0
BRDA:96,2,1,12
BRDA:100,3,0,4
BRDA:100,3,1,8
BRDA:109,4,0,6
BRDA:109,4,1,2
BRDA:110,5,0,4
BRDA:110,5,1,2
BRDA:114,6,0,2
BRDA:114,6,1,2
BRDA:133,7,0,3
BRDA:133,7,1,0
BRDA:167,8,0,10
BRDA:167,8,1,2
BRDA:168,9,0,8
BRDA:168,9,1,2
BRDA:170,10,0,4
BRDA:170,10,1,4
BRDA:179,11,0,4
BRDA:179,11,1,4
BRDA:192,12,0,2
BRDA:192,12,1,4
BRDA:193,13,0,2
BRDA:193,13,1,0
BRDA:194,14,0,2
BRDA:194,14,1,0
BRDA:199,15,0,0
BRDA:199,15,1,2
BRDA:203,16,0,0
BRDA:203,16,1,0
BRDA:209,17,0,0
BRDA:209,17,1,0
BRDA:211,18,0,0
BRDA:211,18,1,0
BRDA:217,19,0,0
BRDA:217,19,1,0
BRDA:225,20,0,0
BRDA:225,20,1,0
BRDA:239,21,0,0
BRDA:239,21,1,8
BRDA:245,22,0,0
BRDA:245,22,1,2
BRDA:247,23,0,0
BRDA:247,23,1,0
BRDA:253,24,0,0
BRDA:253,24,1,0
BRDA:262,25,0,1
BRDA:262,25,1,0
BRDA:281,26,0,0
BRDA:281,26,1,6
BRDA:304,27,0,4
BRDA:304,27,1,2
BRDA:305,28,0,2
BRDA:305,28,1,2
BRDA:328,29,0,5
BRDA:328,29,1,2
BRDA:329,30,0,1
BRDA:329,30,1,4
BRDA:332,31,0,0
BRDA:332,31,1,1
BRDA:334,32,0,0
BRDA:334,32,1,0
BRDA:353,33,0,1
BRDA:353,33,1,0
BRDA:377,34,0,2
BRDA:377,34,1,4
BRDA:379,35,0,1
BRDA:379,35,1,1
BRDA:396,36,0,2
BRDA:396,36,1,2
BRDA:398,37,0,1
BRDA:398,37,1,1
BRDA:399,38,0,1
BRDA:399,38,1,0
BRDA:405,39,0,1
BRDA:405,39,1,0
BRDA:417,40,0,2
BRDA:417,40,1,0
BRDA:419,41,0,1
BRDA:419,41,1,1
BRDA:420,42,0,0
BRDA:420,42,1,1
BRDA:438,43,0,0
BRDA:438,43,1,1
BRDA:462,44,0,3
BRDA:462,44,1,3
BRDA:508,45,0,0
BRDA:508,45,1,0
BRDA:509,46,0,0
BRDA:509,46,1,0
BRF:92
BRH:56
end_of_record
